# JRE version: OpenJDK Runtime Environment (17.0.9) (build 17.0.9+0--11185874)
# Java VM: OpenJDK 64-Bit Server VM (17.0.9+0--11185874, mixed mode, tiered, compressed oops, compressed class ptrs, g1 gc, windows-amd64)
GC Precious Log:
 CPUs: 8 total, 8 available
 Memory: 7926M
 Large Page Support: Disabled
 NUMA Support: Disabled
 Compressed Oops: Enabled (32-bit)
 Heap Region Size: 1M
 Heap Min Capacity: 8M
 Heap Initial Capacity: 124M
 Heap Max Capacity: 2G
 Pre-touch: Disabled
 Parallel Workers: 8
 Concurrent Workers: 2
 Concurrent Refinement Workers: 8
 Periodic GC: Disabled
Heap:
 garbage-first heap   total 82944K, used 61785K [0x0000000080000000, 0x0000000100000000)
  region size 1024K, 18 young (18432K), 2 survivors (2048K)
 Metaspace       used 61127K, committed 61696K, reserved 1114112K
  class space    used 8167K, committed 8448K, reserved 1048576K
GC Heap History (20 events):
Event: 4.015 GC heap before
{Heap before GC invocations=5 (full 0):
 garbage-first heap   total 68608K, used 21680K [0x0000000080000000, 0x0000000100000000)
  region size 1024K, 4 young (4096K), 3 survivors (3072K)
 Metaspace       used 26442K, committed 26752K, reserved 1114112K
  class space    used 3448K, committed 3584K, reserved 1048576K
}
Event: 4.020 GC heap after
{Heap after GC invocations=6 (full 0):
 garbage-first heap   total 82944K, used 20674K [0x0000000080000000, 0x0000000100000000)
  region size 1024K, 1 young (1024K), 1 survivors (1024K)
 Metaspace       used 26442K, committed 26752K, reserved 1114112K
  class space    used 3448K, committed 3584K, reserved 1048576K
}
Event: 4.922 GC heap before
{Heap before GC invocations=6 (full 0):
 garbage-first heap   total 82944K, used 55490K [0x0000000080000000, 0x0000000100000000)
  region size 1024K, 35 young (35840K), 1 survivors (1024K)
 Metaspace       used 31673K, committed 32000K, reserved 1114112K
  class space    used 4303K, committed 4480K, reserved 1048576K
}
Event: 4.925 GC heap after
{Heap after GC invocations=7 (full 0):
 garbage-first heap   total 82944K, used 22219K [0x0000000080000000, 0x0000000100000000)
  region size 1024K, 2 young (2048K), 2 survivors (2048K)
 Metaspace       used 31673K, committed 32000K, reserved 1114112K
  class space    used 4303K, committed 4480K, reserved 1048576K
}
Event: 5.473 GC heap before
{Heap before GC invocations=7 (full 0):
 garbage-first heap   total 82944K, used 42699K [0x0000000080000000, 0x0000000100000000)
  region size 1024K, 23 young (23552K), 2 survivors (2048K)
 Metaspace       used 35805K, committed 36096K, reserved 1114112K
  class space    used 4807K, committed 4928K, reserved 1048576K
}
Event: 5.478 GC heap after
{Heap after GC invocations=8 (full 0):
 garbage-first heap   total 82944K, used 23992K [0x0000000080000000, 0x0000000100000000)
  region size 1024K, 4 young (4096K), 4 survivors (4096K)
 Metaspace       used 35805K, committed 36096K, reserved 1114112K
  class space    used 4807K, committed 4928K, reserved 1048576K
}
Event: 6.251 GC heap before
{Heap before GC invocations=9 (full 0):
 garbage-first heap   total 82944K, used 58808K [0x0000000080000000, 0x0000000100000000)
  region size 1024K, 39 young (39936K), 4 survivors (4096K)
 Metaspace       used 40239K, committed 40640K, reserved 1114112K
  class space    used 5337K, committed 5504K, reserved 1048576K
}
Event: 6.258 GC heap after
{Heap after GC invocations=10 (full 0):
 garbage-first heap   total 82944K, used 28120K [0x0000000080000000, 0x0000000100000000)
  region size 1024K, 5 young (5120K), 5 survivors (5120K)
 Metaspace       used 40239K, committed 40640K, reserved 1114112K
  class space    used 5337K, committed 5504K, reserved 1048576K
}
Event: 7.049 GC heap before
{Heap before GC invocations=10 (full 0):
 garbage-first heap   total 82944K, used 61912K [0x0000000080000000, 0x0000000100000000)
  region size 1024K, 38 young (38912K), 5 survivors (5120K)
 Metaspace       used 44499K, committed 44992K, reserved 1114112K
  class space    used 5935K, committed 6144K, reserved 1048576K
}
Event: 7.055 GC heap after
{Heap after GC invocations=11 (full 0):
 garbage-first heap   total 82944K, used 29978K [0x0000000080000000, 0x0000000100000000)
  region size 1024K, 3 young (3072K), 3 survivors (3072K)
 Metaspace       used 44499K, committed 44992K, reserved 1114112K
  class space    used 5935K, committed 6144K, reserved 1048576K
}
Event: 8.043 GC heap before
{Heap before GC invocations=11 (full 0):
 garbage-first heap   total 82944K, used 62746K [0x0000000080000000, 0x0000000100000000)
  region size 1024K, 35 young (35840K), 3 survivors (3072K)
 Metaspace       used 49062K, committed 49472K, reserved 1114112K
  class space    used 6657K, committed 6848K, reserved 1048576K
}
Event: 8.047 GC heap after
{Heap after GC invocations=12 (full 0):
 garbage-first heap   total 82944K, used 31712K [0x0000000080000000, 0x0000000100000000)
  region size 1024K, 4 young (4096K), 4 survivors (4096K)
 Metaspace       used 49062K, committed 49472K, reserved 1114112K
  class space    used 6657K, committed 6848K, reserved 1048576K
}
Event: 9.220 GC heap before
{Heap before GC invocations=12 (full 0):
 garbage-first heap   total 82944K, used 63456K [0x0000000080000000, 0x0000000100000000)
  region size 1024K, 36 young (36864K), 4 survivors (4096K)
 Metaspace       used 51076K, committed 51520K, reserved 1114112K
  class space    used 6899K, committed 7104K, reserved 1048576K
}
Event: 9.229 GC heap after
{Heap after GC invocations=13 (full 0):
 garbage-first heap   total 82944K, used 36045K [0x0000000080000000, 0x0000000100000000)
  region size 1024K, 5 young (5120K), 5 survivors (5120K)
 Metaspace       used 51076K, committed 51520K, reserved 1114112K
  class space    used 6899K, committed 7104K, reserved 1048576K
}
Event: 10.544 GC heap before
{Heap before GC invocations=13 (full 0):
 garbage-first heap   total 82944K, used 66765K [0x0000000080000000, 0x0000000100000000)
  region size 1024K, 32 young (32768K), 5 survivors (5120K)
 Metaspace       used 52774K, committed 53248K, reserved 1114112K
  class space    used 7097K, committed 7296K, reserved 1048576K
}
Event: 10.550 GC heap after
{Heap after GC invocations=14 (full 0):
 garbage-first heap   total 82944K, used 46031K [0x0000000080000000, 0x0000000100000000)
  region size 1024K, 4 young (4096K), 4 survivors (4096K)
 Metaspace       used 52774K, committed 53248K, reserved 1114112K
  class space    used 7097K, committed 7296K, reserved 1048576K
}
Event: 11.070 GC heap before
{Heap before GC invocations=14 (full 0):
 garbage-first heap   total 82944K, used 63439K [0x0000000080000000, 0x0000000100000000)
  region size 1024K, 21 young (21504K), 4 survivors (4096K)
 Metaspace       used 55156K, committed 55616K, reserved 1114112K
  class space    used 7455K, committed 7680K, reserved 1048576K
}
Event: 11.074 GC heap after
{Heap after GC invocations=15 (full 0):
 garbage-first heap   total 82944K, used 47007K [0x0000000080000000, 0x0000000100000000)
  region size 1024K, 1 young (1024K), 1 survivors (1024K)
 Metaspace       used 55156K, committed 55616K, reserved 1114112K
  class space    used 7455K, committed 7680K, reserved 1048576K
}
Event: 11.626 GC heap before
{Heap before GC invocations=16 (full 0):
 garbage-first heap   total 82944K, used 64415K [0x0000000080000000, 0x0000000100000000)
  region size 1024K, 18 young (18432K), 1 survivors (1024K)
 Metaspace       used 58313K, committed 58816K, reserved 1114112K
  class space    used 7779K, committed 8000K, reserved 1048576K
}
Event: 11.630 GC heap after
{Heap after GC invocations=17 (full 0):
 garbage-first heap   total 82944K, used 47449K [0x0000000080000000, 0x0000000100000000)
  region size 1024K, 2 young (2048K), 2 survivors (2048K)
 Metaspace       used 58313K, committed 58816K, reserved 1114112K
  class space    used 7779K, committed 8000K, reserved 1048576K
}

